[debug] [2026-01-04T17:30:57.841Z] ----------------------------------------------------------------------
[debug] [2026-01-04T17:30:57.845Z] Command:       C:\Program Files\nodejs\node.exe C:\Users\BHANU\AppData\Roaming\npm\node_modules\firebase-tools\lib\bin\firebase.js init
[debug] [2026-01-04T17:30:57.846Z] CLI Version:   15.1.0
[debug] [2026-01-04T17:30:57.846Z] Platform:      win32
[debug] [2026-01-04T17:30:57.846Z] Node Version:  v24.12.0
[debug] [2026-01-04T17:30:57.846Z] Time:          Sun Jan 04 2026 23:00:57 GMT+0530 (India Standard Time)
[debug] [2026-01-04T17:30:57.846Z] ----------------------------------------------------------------------
[debug] 
[debug] [2026-01-04T17:30:57.850Z] >>> [apiv2][query] GET https://firebase-public.firebaseio.com/cli.json [none]
[info] 
     ######## #### ########  ######## ########     ###     ######  ########
     ##        ##  ##     ## ##       ##     ##  ##   ##  ##       ##
     ######    ##  ########  ######   ########  #########  ######  ######
     ##        ##  ##    ##  ##       ##     ## ##     ##       ## ##
     ##       #### ##     ## ######## ########  ##     ##  ######  ########

You're about to initialize a Firebase project in this directory:

  C:\Users\BHANU\OneDrive\Desktop\campus Navigation

[debug] [2026-01-04T17:31:00.999Z] <<< [apiv2][status] GET https://firebase-public.firebaseio.com/cli.json 200
[debug] [2026-01-04T17:31:01.000Z] <<< [apiv2][body] GET https://firebase-public.firebaseio.com/cli.json {"cloudBuildErrorAfter":1594252800000,"cloudBuildWarnAfter":1590019200000,"defaultNode10After":1594252800000,"minVersion":"3.0.5","node8DeploysDisabledAfter":1613390400000,"node8RuntimeDisabledAfter":1615809600000,"node8WarnAfter":1600128000000}
[info] 
=== Project Setup
[info] 
[info] First, let's associate this project directory with a Firebase project.
[info] You can create multiple project aliases by running firebase use --add, 
[info] 
[debug] [2026-01-04T17:33:21.638Z] > command requires scopes: ["email","openid","https://www.googleapis.com/auth/cloudplatformprojects.readonly","https://www.googleapis.com/auth/firebase","https://www.googleapis.com/auth/cloud-platform"]
[debug] [2026-01-04T17:33:21.639Z] > authorizing via signed-in user (dbkreddy2006@gmail.com)
[debug] [2026-01-04T17:33:21.641Z] Checked if tokens are valid: false, expires at: 1767300803724
[debug] [2026-01-04T17:33:21.641Z] Checked if tokens are valid: false, expires at: 1767300803724
[debug] [2026-01-04T17:33:21.641Z] > refreshing access token with scopes: []
[debug] [2026-01-04T17:33:21.642Z] >>> [apiv2][query] POST https://www.googleapis.com/oauth2/v3/token [none]
[debug] [2026-01-04T17:33:21.643Z] >>> [apiv2][body] POST https://www.googleapis.com/oauth2/v3/token [omitted]
[debug] [2026-01-04T17:33:21.937Z] <<< [apiv2][status] POST https://www.googleapis.com/oauth2/v3/token 200
[debug] [2026-01-04T17:33:21.937Z] <<< [apiv2][body] POST https://www.googleapis.com/oauth2/v3/token [omitted]
[debug] [2026-01-04T17:33:21.949Z] >>> [apiv2][query] GET https://firebase.googleapis.com/v1beta1/projects pageSize=100
[debug] [2026-01-04T17:33:22.903Z] <<< [apiv2][status] GET https://firebase.googleapis.com/v1beta1/projects 200
[debug] [2026-01-04T17:33:22.903Z] <<< [apiv2][body] GET https://firebase.googleapis.com/v1beta1/projects [omitted]
[info] 
=== Hosting Setup
[debug] [2026-01-04T17:33:38.822Z] Checked if tokens are valid: true, expires at: 1767551600938
[debug] [2026-01-04T17:33:38.823Z] Checked if tokens are valid: true, expires at: 1767551600938
[debug] [2026-01-04T17:33:38.823Z] >>> [apiv2][query] GET https://firebase.googleapis.com/v1beta1/projects/campus-navigation-d4e9a [none]
[debug] [2026-01-04T17:33:39.285Z] <<< [apiv2][status] GET https://firebase.googleapis.com/v1beta1/projects/campus-navigation-d4e9a 200
[debug] [2026-01-04T17:33:39.285Z] <<< [apiv2][body] GET https://firebase.googleapis.com/v1beta1/projects/campus-navigation-d4e9a {"projectId":"campus-navigation-d4e9a","projectNumber":"1032189115152","displayName":"Campus navigation ","name":"projects/campus-navigation-d4e9a","resources":{"hostingSite":"campus-navigation-d4e9a"},"state":"ACTIVE","etag":"1_67e98f00-1409-4205-91bb-65d6f0d106ce"}
[info] 
[info] Your public directory is the folder (relative to your project directory) that
[info] will contain Hosting assets to be uploaded with firebase deploy. If you
[info] have a build process for your assets, use your build's output directory.
[info] 
[info] 
[info] i  Didn't detect a .git folder. Assuming C:\Users\BHANU\OneDrive\Desktop\campus Navigation is the project root. 
[info] i  Authorizing with GitHub to upload your service account to a GitHub repository's secrets store. 
[info] 
[info] Visit this URL on this device to log in:
[info] https://github.com/login/oauth/authorize?client_id=89cf50f02ac6aaed3484&state=56388055&redirect_uri=http%3A%2F%2Flocalhost%3A9005&scope=read%3Auser%20repo%20public_repo
[info] 
[info] Waiting for authentication...
[debug] [2026-01-04T17:36:25.742Z] >>> [apiv2][query] POST https://github.com/login/oauth/access_token [none]
[debug] [2026-01-04T17:36:25.742Z] >>> [apiv2][body] POST https://github.com/login/oauth/access_token [stream]
[debug] [2026-01-04T17:36:26.164Z] <<< [apiv2][status] POST https://github.com/login/oauth/access_token 200
[debug] [2026-01-04T17:36:26.165Z] <<< [apiv2][body] POST https://github.com/login/oauth/access_token {"access_token":"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","token_type":"bearer","scope":"read:user,repo"}
[debug] [2026-01-04T17:36:26.234Z] >>> [apiv2][query] GET https://api.github.com/user [none]
[debug] [2026-01-04T17:36:26.697Z] <<< [apiv2][status] GET https://api.github.com/user 200
[debug] [2026-01-04T17:36:26.697Z] <<< [apiv2][body] GET https://api.github.com/user {"login":"DBhanukiranreddy","id":220393595,"node_id":"U_kgDODSLwew","avatar_url":"https://avatars.githubusercontent.com/u/220393595?v=4","gravatar_id":"","url":"https://api.github.com/users/DBhanukiranreddy","html_url":"https://github.com/DBhanukiranreddy","followers_url":"https://api.github.com/users/DBhanukiranreddy/followers","following_url":"https://api.github.com/users/DBhanukiranreddy/following{/other_user}","gists_url":"https://api.github.com/users/DBhanukiranreddy/gists{/gist_id}","starred_url":"https://api.github.com/users/DBhanukiranreddy/starred{/owner}{/repo}","subscriptions_url":"https://api.github.com/users/DBhanukiranreddy/subscriptions","organizations_url":"https://api.github.com/users/DBhanukiranreddy/orgs","repos_url":"https://api.github.com/users/DBhanukiranreddy/repos","events_url":"https://api.github.com/users/DBhanukiranreddy/events{/privacy}","received_events_url":"https://api.github.com/users/DBhanukiranreddy/received_events","type":"User","user_view_type":"private","site_admin":false,"name":null,"company":null,"blog":"","location":null,"email":null,"hireable":null,"bio":null,"twitter_username":null,"notification_email":null,"public_repos":0,"public_gists":0,"followers":0,"following":0,"created_at":"2025-07-11T16:53:43Z","updated_at":"2025-07-11T16:54:18Z","private_gists":0,"total_private_repos":0,"owned_private_repos":0,"disk_usage":0,"collaborators":0,"two_factor_authentication":false,"plan":{"name":"free","space":976562499,"collaborators":0,"private_repos":10000}}
[info] 
[info] +  Success! Logged into GitHub as DBhanukiranreddy 
[info] 
[debug] [2026-01-04T17:45:19.284Z] >>> [apiv2][query] GET https://api.github.com/repos//actions/secrets/public-key type=owner
[debug] [2026-01-04T17:45:19.753Z] <<< [apiv2][status] GET https://api.github.com/repos//actions/secrets/public-key 404
[debug] [2026-01-04T17:45:19.753Z] <<< [apiv2][body] GET https://api.github.com/repos//actions/secrets/public-key {"message":"Not Found","documentation_url":"https://docs.github.com/rest","status":"404"}
[info] 
[info] 
[error] !  The provided authorization cannot be used with this repository. If this repository is in an organization, did you remember to grant access? 
[info] 
[info] i  Action required: Visit this URL to ensure access has been granted to the appropriate organization(s) for the Firebase CLI GitHub OAuth App: 
[info] https://github.com/settings/connections/applications/89cf50f02ac6aaed3484
[info] 
[debug] [2026-01-04T17:45:19.764Z] >>> [apiv2][query] GET https://api.github.com/repos//actions/secrets/public-key type=owner
[debug] [2026-01-04T17:45:20.130Z] <<< [apiv2][status] GET https://api.github.com/repos//actions/secrets/public-key 404
[debug] [2026-01-04T17:45:20.131Z] <<< [apiv2][body] GET https://api.github.com/repos//actions/secrets/public-key {"message":"Not Found","documentation_url":"https://docs.github.com/rest","status":"404"}
[info] 
[info] 
[error] !  The provided authorization cannot be used with this repository. If this repository is in an organization, did you remember to grant access? 
[info] 
[info] i  Action required: Visit this URL to ensure access has been granted to the appropriate organization(s) for the Firebase CLI GitHub OAuth App: 
[info] https://github.com/settings/connections/applications/89cf50f02ac6aaed3484
[info] 
